<?xml version="1.0" encoding="UTF-8"?>
<testsuite xmlns:xsi="http://www.w3.org/2001/XMLSchema-instance" xsi:noNamespaceSchemaLocation="https://maven.apache.org/surefire/maven-surefire-plugin/xsd/surefire-test-report-3.0.xsd" version="3.0" name="com.test.SpringJDBC.AppTest" time="0.036" tests="1" errors="0" skipped="0" failures="0">
  <properties>
    <property name="java.specification.version" value="21"/>
    <property name="sun.cpu.isalist" value="amd64"/>
    <property name="sun.jnu.encoding" value="Cp1252"/>
    <property name="java.class.path" value="C:\Users\Rethi.Komal\OneDrive - ENCORA\Komal\Java\SpringJDBC\target\test-classes;C:\Users\Rethi.Komal\OneDrive - ENCORA\Komal\Java\SpringJDBC\target\classes;C:\Users\Rethi.Komal\.m2\repository\junit\junit\3.8.1\junit-3.8.1.jar;C:\Users\Rethi.Komal\.m2\repository\org\springframework\spring-context\7.0.0-M8\spring-context-7.0.0-M8.jar;C:\Users\Rethi.Komal\.m2\repository\org\springframework\spring-aop\7.0.0-M8\spring-aop-7.0.0-M8.jar;C:\Users\Rethi.Komal\.m2\repository\org\springframework\spring-beans\7.0.0-M8\spring-beans-7.0.0-M8.jar;C:\Users\Rethi.Komal\.m2\repository\org\springframework\spring-core\7.0.0-M8\spring-core-7.0.0-M8.jar;C:\Users\Rethi.Komal\.m2\repository\commons-logging\commons-logging\1.3.5\commons-logging-1.3.5.jar;C:\Users\Rethi.Komal\.m2\repository\org\jspecify\jspecify\1.0.0\jspecify-1.0.0.jar;C:\Users\Rethi.Komal\.m2\repository\org\springframework\spring-expression\7.0.0-M8\spring-expression-7.0.0-M8.jar;C:\Users\Rethi.Komal\.m2\repository\io\micrometer\micrometer-observation\1.16.0-M2\micrometer-observation-1.16.0-M2.jar;C:\Users\Rethi.Komal\.m2\repository\io\micrometer\micrometer-commons\1.16.0-M2\micrometer-commons-1.16.0-M2.jar;C:\Users\Rethi.Komal\.m2\repository\com\mysql\mysql-connector-j\9.4.0\mysql-connector-j-9.4.0.jar;C:\Users\Rethi.Komal\.m2\repository\com\google\protobuf\protobuf-java\4.31.1\protobuf-java-4.31.1.jar;C:\Users\Rethi.Komal\.m2\repository\org\springframework\spring-jdbc\6.2.6\spring-jdbc-6.2.6.jar;C:\Users\Rethi.Komal\.m2\repository\org\springframework\spring-tx\6.2.6\spring-tx-6.2.6.jar;"/>
    <property name="java.vm.vendor" value="Eclipse Adoptium"/>
    <property name="sun.arch.data.model" value="64"/>
    <property name="user.variant" value=""/>
    <property name="java.vendor.url" value="https://adoptium.net/"/>
    <property name="user.timezone" value="Asia/Calcutta"/>
    <property name="os.name" value="Windows 11"/>
    <property name="java.vm.specification.version" value="21"/>
    <property name="sun.java.launcher" value="SUN_STANDARD"/>
    <property name="user.country" value="IN"/>
    <property name="sun.boot.library.path" value="C:\Users\Rethi.Komal\.p2\pool\plugins\org.eclipse.justj.openjdk.hotspot.jre.full.win32.x86_64_21.0.8.v20250724-1412\jre\bin"/>
    <property name="sun.java.command" value="C:\Users\Rethi.Komal\AppData\Local\Temp\surefire6512132087561801926\surefirebooter-20250904101326908_3.jar C:\Users\Rethi.Komal\AppData\Local\Temp\surefire6512132087561801926 2025-09-04T10-13-24_845-jvmRun1 surefire-20250904101326908_1tmp surefire_0-20250904101326908_2tmp"/>
    <property name="jdk.debug" value="release"/>
    <property name="surefire.test.class.path" value="C:\Users\Rethi.Komal\OneDrive - ENCORA\Komal\Java\SpringJDBC\target\test-classes;C:\Users\Rethi.Komal\OneDrive - ENCORA\Komal\Java\SpringJDBC\target\classes;C:\Users\Rethi.Komal\.m2\repository\junit\junit\3.8.1\junit-3.8.1.jar;C:\Users\Rethi.Komal\.m2\repository\org\springframework\spring-context\7.0.0-M8\spring-context-7.0.0-M8.jar;C:\Users\Rethi.Komal\.m2\repository\org\springframework\spring-aop\7.0.0-M8\spring-aop-7.0.0-M8.jar;C:\Users\Rethi.Komal\.m2\repository\org\springframework\spring-beans\7.0.0-M8\spring-beans-7.0.0-M8.jar;C:\Users\Rethi.Komal\.m2\repository\org\springframework\spring-core\7.0.0-M8\spring-core-7.0.0-M8.jar;C:\Users\Rethi.Komal\.m2\repository\commons-logging\commons-logging\1.3.5\commons-logging-1.3.5.jar;C:\Users\Rethi.Komal\.m2\repository\org\jspecify\jspecify\1.0.0\jspecify-1.0.0.jar;C:\Users\Rethi.Komal\.m2\repository\org\springframework\spring-expression\7.0.0-M8\spring-expression-7.0.0-M8.jar;C:\Users\Rethi.Komal\.m2\repository\io\micrometer\micrometer-observation\1.16.0-M2\micrometer-observation-1.16.0-M2.jar;C:\Users\Rethi.Komal\.m2\repository\io\micrometer\micrometer-commons\1.16.0-M2\micrometer-commons-1.16.0-M2.jar;C:\Users\Rethi.Komal\.m2\repository\com\mysql\mysql-connector-j\9.4.0\mysql-connector-j-9.4.0.jar;C:\Users\Rethi.Komal\.m2\repository\com\google\protobuf\protobuf-java\4.31.1\protobuf-java-4.31.1.jar;C:\Users\Rethi.Komal\.m2\repository\org\springframework\spring-jdbc\6.2.6\spring-jdbc-6.2.6.jar;C:\Users\Rethi.Komal\.m2\repository\org\springframework\spring-tx\6.2.6\spring-tx-6.2.6.jar;"/>
    <property name="sun.cpu.endian" value="little"/>
    <property name="user.home" value="C:\Users\Rethi.Komal"/>
    <property name="user.language" value="en"/>
    <property name="java.specification.vendor" value="Oracle Corporation"/>
    <property name="java.version.date" value="2025-07-15"/>
    <property name="java.home" value="C:\Users\Rethi.Komal\.p2\pool\plugins\org.eclipse.justj.openjdk.hotspot.jre.full.win32.x86_64_21.0.8.v20250724-1412\jre"/>
    <property name="file.separator" value="\"/>
    <property name="basedir" value="C:\Users\Rethi.Komal\OneDrive - ENCORA\Komal\Java\SpringJDBC"/>
    <property name="style.color" value="always"/>
    <property name="java.vm.compressedOopsMode" value="Zero based"/>
    <property name="line.separator" value="&#10;"/>
    <property name="java.vm.specification.vendor" value="Oracle Corporation"/>
    <property name="java.specification.name" value="Java Platform API Specification"/>
    <property name="surefire.real.class.path" value="C:\Users\Rethi.Komal\AppData\Local\Temp\surefire6512132087561801926\surefirebooter-20250904101326908_3.jar"/>
    <property name="user.script" value=""/>
    <property name="sun.management.compiler" value="HotSpot 64-Bit Tiered Compilers"/>
    <property name="java.runtime.version" value="21.0.8+9-LTS"/>
    <property name="user.name" value="Rethi.Komal"/>
    <property name="stdout.encoding" value="Cp1252"/>
    <property name="path.separator" value=";"/>
    <property name="os.version" value="10.0"/>
    <property name="java.runtime.name" value="OpenJDK Runtime Environment"/>
    <property name="file.encoding" value="UTF-8"/>
    <property name="java.vm.name" value="OpenJDK 64-Bit Server VM"/>
    <property name="java.vendor.version" value="Temurin-21.0.8+9"/>
    <property name="localRepository" value="C:\Users\Rethi.Komal\.m2\repository"/>
    <property name="java.vendor.url.bug" value="https://github.com/adoptium/adoptium-support/issues"/>
    <property name="java.io.tmpdir" value="C:\Users\RETHI~1.KOM\AppData\Local\Temp\"/>
    <property name="java.version" value="21.0.8"/>
    <property name="user.dir" value="C:\Users\Rethi.Komal\OneDrive - ENCORA\Komal\Java\SpringJDBC"/>
    <property name="os.arch" value="amd64"/>
    <property name="java.vm.specification.name" value="Java Virtual Machine Specification"/>
    <property name="sun.os.patch.level" value=""/>
    <property name="native.encoding" value="Cp1252"/>
    <property name="java.library.path" value="C:\Users\Rethi.Komal\.p2\pool\plugins\org.eclipse.justj.openjdk.hotspot.jre.full.win32.x86_64_21.0.8.v20250724-1412\jre\bin;C:\WINDOWS\Sun\Java\bin;C:\WINDOWS\system32;C:\WINDOWS;C:/Users/Rethi.Komal/.p2/pool/plugins/org.eclipse.justj.openjdk.hotspot.jre.full.win32.x86_64_21.0.8.v20250724-1412/jre/bin/server;C:/Users/Rethi.Komal/.p2/pool/plugins/org.eclipse.justj.openjdk.hotspot.jre.full.win32.x86_64_21.0.8.v20250724-1412/jre/bin;C:\WINDOWS\system32;C:\WINDOWS;C:\WINDOWS\System32\Wbem;C:\WINDOWS\System32\WindowsPowerShell\v1.0\;C:\WINDOWS\System32\OpenSSH\;C:\Program Files\dotnet\;C:\Program Files\WindowsPowerShell\Scripts;C:\Program Files\Java\jdk-24\bin;C:\Program Files\MySQL\MySQL Server 8.0\bin;C:\Users\Rethi.Komal\OneDrive - ENCORA\Komal\Git\bin;C:\Program Files\MySQL\MySQL Shell 8.0\bin\;C:\Users\Rethi.Komal\AppData\Local\Microsoft\WindowsApps;C:\Users\Rethi.Komal\OneDrive - ENCORA\Komal\Microsoft VS Code\bin;C:\Users\Rethi.Komal\OneDrive - ENCORA\Komal\Git\cmd;C:\WINDOWS\System32;;."/>
    <property name="java.vm.info" value="mixed mode, sharing"/>
    <property name="stderr.encoding" value="Cp1252"/>
    <property name="java.vendor" value="Eclipse Adoptium"/>
    <property name="java.vm.version" value="21.0.8+9-LTS"/>
    <property name="sun.io.unicode.encoding" value="UnicodeLittle"/>
    <property name="java.class.version" value="65.0"/>
  </properties>
  <testcase name="testApp" classname="com.test.SpringJDBC.AppTest" time="0.005"/>
</testsuite>